::1 - - [Wed, 21 Sep 2016 08:43:29 GMT] "GET / HTTP/1.1" 200 425 "-" "Mozilla/5.0 (Windows NT 10.0; Win64; x64) AppleWebKit/537.36 (KHTML, like Gecko) Chrome/53.0.2785.116 Safari/537.36"
::1 - - [Wed, 21 Sep 2016 08:43:29 GMT] "GET /stylesheets/style.css HTTP/1.1" 404 1574 "http://localhost:3000/" "Mozilla/5.0 (Windows NT 10.0; Win64; x64) AppleWebKit/537.36 (KHTML, like Gecko) Chrome/53.0.2785.116 Safari/537.36"
::1 - - [Wed, 21 Sep 2016 08:43:38 GMT] "GET / HTTP/1.1" 200 425 "-" "Mozilla/5.0 (Windows NT 10.0; Win64; x64) AppleWebKit/537.36 (KHTML, like Gecko) Chrome/53.0.2785.116 Safari/537.36"
::1 - - [Wed, 21 Sep 2016 08:43:38 GMT] "GET /stylesheets/style.css HTTP/1.1" 404 1574 "http://localhost:3000/" "Mozilla/5.0 (Windows NT 10.0; Win64; x64) AppleWebKit/537.36 (KHTML, like Gecko) Chrome/53.0.2785.116 Safari/537.36"
::1 - - [Wed, 21 Sep 2016 08:43:43 GMT] "GET /todos HTTP/1.1" 500 1809 "http://localhost:3000/" "Mozilla/5.0 (Windows NT 10.0; Win64; x64) AppleWebKit/537.36 (KHTML, like Gecko) Chrome/53.0.2785.116 Safari/537.36"
::1 - - [Wed, 21 Sep 2016 08:43:43 GMT] "GET /stylesheets/style.css HTTP/1.1" 404 1574 "http://localhost:3000/todos" "Mozilla/5.0 (Windows NT 10.0; Win64; x64) AppleWebKit/537.36 (KHTML, like Gecko) Chrome/53.0.2785.116 Safari/537.36"
::1 - - [Wed, 21 Sep 2016 08:43:48 GMT] "GET /blog HTTP/1.1" 500 2562 "http://localhost:3000/" "Mozilla/5.0 (Windows NT 10.0; Win64; x64) AppleWebKit/537.36 (KHTML, like Gecko) Chrome/53.0.2785.116 Safari/537.36"
::1 - - [Wed, 21 Sep 2016 08:43:48 GMT] "GET /stylesheets/style.css HTTP/1.1" 404 1574 "http://localhost:3000/blog" "Mozilla/5.0 (Windows NT 10.0; Win64; x64) AppleWebKit/537.36 (KHTML, like Gecko) Chrome/53.0.2785.116 Safari/537.36"
::1 - - [Wed, 21 Sep 2016 08:46:09 GMT] "GET / HTTP/1.1" 200 425 "-" "Mozilla/5.0 (Windows NT 10.0; Win64; x64) AppleWebKit/537.36 (KHTML, like Gecko) Chrome/53.0.2785.116 Safari/537.36"
::1 - - [Wed, 21 Sep 2016 08:46:09 GMT] "GET /stylesheets/style.css HTTP/1.1" 404 1574 "http://localhost:3000/" "Mozilla/5.0 (Windows NT 10.0; Win64; x64) AppleWebKit/537.36 (KHTML, like Gecko) Chrome/53.0.2785.116 Safari/537.36"
::1 - - [Wed, 21 Sep 2016 08:46:14 GMT] "GET /todos HTTP/1.1" 500 1809 "http://localhost:3000/" "Mozilla/5.0 (Windows NT 10.0; Win64; x64) AppleWebKit/537.36 (KHTML, like Gecko) Chrome/53.0.2785.116 Safari/537.36"
::1 - - [Wed, 21 Sep 2016 08:46:14 GMT] "GET /stylesheets/style.css HTTP/1.1" 404 1574 "http://localhost:3000/todos" "Mozilla/5.0 (Windows NT 10.0; Win64; x64) AppleWebKit/537.36 (KHTML, like Gecko) Chrome/53.0.2785.116 Safari/537.36"
::1 - - [Wed, 21 Sep 2016 08:48:20 GMT] "GET / HTTP/1.1" 200 425 "-" "Mozilla/5.0 (Windows NT 10.0; Win64; x64) AppleWebKit/537.36 (KHTML, like Gecko) Chrome/53.0.2785.116 Safari/537.36"
::1 - - [Wed, 21 Sep 2016 08:48:20 GMT] "GET /stylesheets/style.css HTTP/1.1" 404 1574 "http://localhost:3000/" "Mozilla/5.0 (Windows NT 10.0; Win64; x64) AppleWebKit/537.36 (KHTML, like Gecko) Chrome/53.0.2785.116 Safari/537.36"
::1 - - [Wed, 21 Sep 2016 08:48:23 GMT] "GET /stylesheets/style.css HTTP/1.1" 404 1574 "http://localhost:3000/" "Mozilla/5.0 (Windows NT 10.0; Win64; x64) AppleWebKit/537.36 (KHTML, like Gecko) Chrome/53.0.2785.116 Safari/537.36"
::1 - - [Wed, 21 Sep 2016 08:48:29 GMT] "GET /stylesheets/style.css HTTP/1.1" 404 1574 "-" "Mozilla/5.0 (Windows NT 10.0; Win64; x64) AppleWebKit/537.36 (KHTML, like Gecko) Chrome/53.0.2785.116 Safari/537.36"
::1 - - [Wed, 21 Sep 2016 08:48:29 GMT] "GET /stylesheets/style.css HTTP/1.1" 404 1574 "http://localhost:3000/stylesheets/style.css" "Mozilla/5.0 (Windows NT 10.0; Win64; x64) AppleWebKit/537.36 (KHTML, like Gecko) Chrome/53.0.2785.116 Safari/537.36"
::1 - - [Wed, 21 Sep 2016 08:49:19 GMT] "GET /stylesheets/style.css HTTP/1.1" 404 1574 "-" "Mozilla/5.0 (Windows NT 10.0; Win64; x64) AppleWebKit/537.36 (KHTML, like Gecko) Chrome/53.0.2785.116 Safari/537.36"
::1 - - [Wed, 21 Sep 2016 08:49:19 GMT] "GET /stylesheets/style.css HTTP/1.1" 404 1574 "http://localhost:3000/stylesheets/style.css" "Mozilla/5.0 (Windows NT 10.0; Win64; x64) AppleWebKit/537.36 (KHTML, like Gecko) Chrome/53.0.2785.116 Safari/537.36"
::ffff:127.0.0.1 - - [Wed, 21 Sep 2016 08:49:44 GMT] "GET /stylesheets/style.css HTTP/1.1" 404 1574 "-" "Mozilla/5.0 (Windows NT 10.0; Win64; x64) AppleWebKit/537.36 (KHTML, like Gecko) Chrome/53.0.2785.116 Safari/537.36"
::ffff:127.0.0.1 - - [Wed, 21 Sep 2016 08:49:44 GMT] "GET /stylesheets/style.css HTTP/1.1" 404 1574 "http://localhost:3000/stylesheets/style.css" "Mozilla/5.0 (Windows NT 10.0; Win64; x64) AppleWebKit/537.36 (KHTML, like Gecko) Chrome/53.0.2785.116 Safari/537.36"
::ffff:127.0.0.1 - - [Wed, 21 Sep 2016 08:49:48 GMT] "GET / HTTP/1.1" 200 425 "-" "Mozilla/5.0 (Windows NT 10.0; Win64; x64) AppleWebKit/537.36 (KHTML, like Gecko) Chrome/53.0.2785.116 Safari/537.36"
::ffff:127.0.0.1 - - [Wed, 21 Sep 2016 08:49:48 GMT] "GET /stylesheets/style.css HTTP/1.1" 404 1574 "http://localhost:3000/" "Mozilla/5.0 (Windows NT 10.0; Win64; x64) AppleWebKit/537.36 (KHTML, like Gecko) Chrome/53.0.2785.116 Safari/537.36"
::ffff:127.0.0.1 - - [Wed, 21 Sep 2016 08:49:52 GMT] "GET /stylesheets/style.css HTTP/1.1" 404 1574 "-" "Mozilla/5.0 (Windows NT 10.0; Win64; x64) AppleWebKit/537.36 (KHTML, like Gecko) Chrome/53.0.2785.116 Safari/537.36"
::ffff:127.0.0.1 - - [Wed, 21 Sep 2016 08:49:52 GMT] "GET /stylesheets/style.css HTTP/1.1" 404 1574 "http://localhost:3000/stylesheets/style.css" "Mozilla/5.0 (Windows NT 10.0; Win64; x64) AppleWebKit/537.36 (KHTML, like Gecko) Chrome/53.0.2785.116 Safari/537.36"
::ffff:127.0.0.1 - - [Wed, 21 Sep 2016 08:50:46 GMT] "GET / HTTP/1.1" 200 425 "-" "Mozilla/5.0 (Windows NT 10.0; Win64; x64) AppleWebKit/537.36 (KHTML, like Gecko) Chrome/53.0.2785.116 Safari/537.36"
::ffff:127.0.0.1 - - [Wed, 21 Sep 2016 08:50:46 GMT] "GET /stylesheets/style.css HTTP/1.1" 404 1574 "http://localhost:3000/" "Mozilla/5.0 (Windows NT 10.0; Win64; x64) AppleWebKit/537.36 (KHTML, like Gecko) Chrome/53.0.2785.116 Safari/537.36"
::ffff:127.0.0.1 - - [Wed, 21 Sep 2016 08:50:51 GMT] "GET /blog HTTP/1.1" 500 1521 "http://localhost:3000/" "Mozilla/5.0 (Windows NT 10.0; Win64; x64) AppleWebKit/537.36 (KHTML, like Gecko) Chrome/53.0.2785.116 Safari/537.36"
::ffff:127.0.0.1 - - [Wed, 21 Sep 2016 08:50:51 GMT] "GET /stylesheets/style.css HTTP/1.1" 404 1574 "http://localhost:3000/blog" "Mozilla/5.0 (Windows NT 10.0; Win64; x64) AppleWebKit/537.36 (KHTML, like Gecko) Chrome/53.0.2785.116 Safari/537.36"
::ffff:127.0.0.1 - - [Wed, 21 Sep 2016 08:51:37 GMT] "GET /blog HTTP/1.1" 200 1326 "http://localhost:3000/" "Mozilla/5.0 (Windows NT 10.0; Win64; x64) AppleWebKit/537.36 (KHTML, like Gecko) Chrome/53.0.2785.116 Safari/537.36"
::ffff:127.0.0.1 - - [Wed, 21 Sep 2016 08:51:37 GMT] "GET /stylesheets/style.css HTTP/1.1" 404 1574 "http://localhost:3000/blog" "Mozilla/5.0 (Windows NT 10.0; Win64; x64) AppleWebKit/537.36 (KHTML, like Gecko) Chrome/53.0.2785.116 Safari/537.36"
::ffff:127.0.0.1 - - [Wed, 21 Sep 2016 08:51:44 GMT] "GET /archive HTTP/1.1" 404 1574 "http://localhost:3000/blog" "Mozilla/5.0 (Windows NT 10.0; Win64; x64) AppleWebKit/537.36 (KHTML, like Gecko) Chrome/53.0.2785.116 Safari/537.36"
::ffff:127.0.0.1 - - [Wed, 21 Sep 2016 08:51:44 GMT] "GET /stylesheets/style.css HTTP/1.1" 404 1574 "http://localhost:3000/archive" "Mozilla/5.0 (Windows NT 10.0; Win64; x64) AppleWebKit/537.36 (KHTML, like Gecko) Chrome/53.0.2785.116 Safari/537.36"
::ffff:127.0.0.1 - - [Wed, 21 Sep 2016 08:52:34 GMT] "GET /blog HTTP/1.1" 200 207 "http://localhost:3000/" "Mozilla/5.0 (Windows NT 10.0; Win64; x64) AppleWebKit/537.36 (KHTML, like Gecko) Chrome/53.0.2785.116 Safari/537.36"
::ffff:127.0.0.1 - - [Wed, 21 Sep 2016 08:52:37 GMT] "GET / HTTP/1.1" 200 1326 "-" "Mozilla/5.0 (Windows NT 10.0; Win64; x64) AppleWebKit/537.36 (KHTML, like Gecko) Chrome/53.0.2785.116 Safari/537.36"
::ffff:127.0.0.1 - - [Wed, 21 Sep 2016 08:52:37 GMT] "GET /stylesheets/style.css HTTP/1.1" 200 207 "http://localhost:3000/" "Mozilla/5.0 (Windows NT 10.0; Win64; x64) AppleWebKit/537.36 (KHTML, like Gecko) Chrome/53.0.2785.116 Safari/537.36"
::ffff:127.0.0.1 - - [Wed, 21 Sep 2016 08:52:43 GMT] "GET / HTTP/1.1" - - "-" "Mozilla/5.0 (Windows NT 10.0; Win64; x64) AppleWebKit/537.36 (KHTML, like Gecko) Chrome/53.0.2785.116 Safari/537.36"
::1 - - [Wed, 21 Sep 2016 08:52:45 GMT] "GET /archive HTTP/1.1" 200 852 "http://localhost:3000/" "Mozilla/5.0 (Windows NT 10.0; Win64; x64) AppleWebKit/537.36 (KHTML, like Gecko) Chrome/53.0.2785.116 Safari/537.36"
::1 - - [Wed, 21 Sep 2016 08:52:45 GMT] "GET /stylesheets/style.css HTTP/1.1" 304 - "http://localhost:3000/archive" "Mozilla/5.0 (Windows NT 10.0; Win64; x64) AppleWebKit/537.36 (KHTML, like Gecko) Chrome/53.0.2785.116 Safari/537.36"
::1 - - [Wed, 21 Sep 2016 08:52:47 GMT] "GET /reg HTTP/1.1" 200 1027 "http://localhost:3000/archive" "Mozilla/5.0 (Windows NT 10.0; Win64; x64) AppleWebKit/537.36 (KHTML, like Gecko) Chrome/53.0.2785.116 Safari/537.36"
::1 - - [Wed, 21 Sep 2016 08:52:47 GMT] "GET /stylesheets/style.css HTTP/1.1" 304 - "http://localhost:3000/reg" "Mozilla/5.0 (Windows NT 10.0; Win64; x64) AppleWebKit/537.36 (KHTML, like Gecko) Chrome/53.0.2785.116 Safari/537.36"
::1 - - [Wed, 21 Sep 2016 08:52:49 GMT] "GET /login HTTP/1.1" 200 894 "http://localhost:3000/reg" "Mozilla/5.0 (Windows NT 10.0; Win64; x64) AppleWebKit/537.36 (KHTML, like Gecko) Chrome/53.0.2785.116 Safari/537.36"
::1 - - [Wed, 21 Sep 2016 08:52:49 GMT] "GET /stylesheets/style.css HTTP/1.1" 304 - "http://localhost:3000/login" "Mozilla/5.0 (Windows NT 10.0; Win64; x64) AppleWebKit/537.36 (KHTML, like Gecko) Chrome/53.0.2785.116 Safari/537.36"
::1 - - [Wed, 21 Sep 2016 08:52:53 GMT] "GET /stylesheets/style.css HTTP/1.1" 304 - "http://localhost:3000/login" "Mozilla/5.0 (Windows NT 10.0; Win64; x64) AppleWebKit/537.36 (KHTML, like Gecko) Chrome/53.0.2785.116 Safari/537.36"
::1 - - [Wed, 21 Sep 2016 08:53:01 GMT] "GET /stylesheets/style.css HTTP/1.1" 304 - "-" "Mozilla/5.0 (Windows NT 10.0; Win64; x64) AppleWebKit/537.36 (KHTML, like Gecko) Chrome/53.0.2785.116 Safari/537.36"
::1 - - [Wed, 21 Sep 2016 08:53:26 GMT] "GET /stylesheets/style.css HTTP/1.1" 304 - "-" "Mozilla/5.0 (Windows NT 10.0; Win64; x64) AppleWebKit/537.36 (KHTML, like Gecko) Chrome/53.0.2785.116 Safari/537.36"
::1 - - [Wed, 21 Sep 2016 08:53:30 GMT] "GET /login HTTP/1.1" 304 - "http://localhost:3000/reg" "Mozilla/5.0 (Windows NT 10.0; Win64; x64) AppleWebKit/537.36 (KHTML, like Gecko) Chrome/53.0.2785.116 Safari/537.36"
::1 - - [Wed, 21 Sep 2016 08:53:50 GMT] "GET /todos HTTP/1.1" 200 810 "-" "Mozilla/5.0 (Windows NT 10.0; Win64; x64) AppleWebKit/537.36 (KHTML, like Gecko) Chrome/53.0.2785.116 Safari/537.36"
::1 - - [Wed, 21 Sep 2016 08:53:52 GMT] "POST /todos HTTP/1.1" 302 56 "http://localhost:3000/todos" "Mozilla/5.0 (Windows NT 10.0; Win64; x64) AppleWebKit/537.36 (KHTML, like Gecko) Chrome/53.0.2785.116 Safari/537.36"
::1 - - [Wed, 21 Sep 2016 08:53:52 GMT] "GET /todos HTTP/1.1" 200 836 "http://localhost:3000/todos" "Mozilla/5.0 (Windows NT 10.0; Win64; x64) AppleWebKit/537.36 (KHTML, like Gecko) Chrome/53.0.2785.116 Safari/537.36"
::1 - - [Wed, 21 Sep 2016 08:54:01 GMT] "GET / HTTP/1.1" 200 1326 "-" "Mozilla/5.0 (Windows NT 10.0; Win64; x64) AppleWebKit/537.36 (KHTML, like Gecko) Chrome/53.0.2785.116 Safari/537.36"
::1 - - [Wed, 21 Sep 2016 08:54:31 GMT] "GET / HTTP/1.1" 304 - "-" "Mozilla/5.0 (Windows NT 10.0; Win64; x64) AppleWebKit/537.36 (KHTML, like Gecko) Chrome/53.0.2785.116 Safari/537.36"
::1 - - [Wed, 21 Sep 2016 08:54:43 GMT] "GET / HTTP/1.1" - - "-" "Mozilla/5.0 (Windows NT 10.0; Win64; x64) AppleWebKit/537.36 (KHTML, like Gecko) Chrome/53.0.2785.116 Safari/537.36"
::1 - - [Wed, 21 Sep 2016 08:54:43 GMT] "GET /login HTTP/1.1" 200 894 "http://localhost:3000/" "Mozilla/5.0 (Windows NT 10.0; Win64; x64) AppleWebKit/537.36 (KHTML, like Gecko) Chrome/53.0.2785.116 Safari/537.36"
::1 - - [Wed, 21 Sep 2016 08:54:55 GMT] "POST /login HTTP/1.1" 302 46 "http://localhost:3000/login" "Mozilla/5.0 (Windows NT 10.0; Win64; x64) AppleWebKit/537.36 (KHTML, like Gecko) Chrome/53.0.2785.116 Safari/537.36"
::1 - - [Wed, 21 Sep 2016 08:55:01 GMT] "GET / HTTP/1.1" 200 1356 "http://localhost:3000/login" "Mozilla/5.0 (Windows NT 10.0; Win64; x64) AppleWebKit/537.36 (KHTML, like Gecko) Chrome/53.0.2785.116 Safari/537.36"
::1 - - [Wed, 21 Sep 2016 08:55:06 GMT] "GET /post HTTP/1.1" 200 1044 "http://localhost:3000/" "Mozilla/5.0 (Windows NT 10.0; Win64; x64) AppleWebKit/537.36 (KHTML, like Gecko) Chrome/53.0.2785.116 Safari/537.36"
::1 - - [Wed, 21 Sep 2016 08:55:20 GMT] "POST /post HTTP/1.1" 302 46 "http://localhost:3000/post" "Mozilla/5.0 (Windows NT 10.0; Win64; x64) AppleWebKit/537.36 (KHTML, like Gecko) Chrome/53.0.2785.116 Safari/537.36"
::1 - - [Wed, 21 Sep 2016 08:55:23 GMT] "GET / HTTP/1.1" 200 1970 "http://localhost:3000/post" "Mozilla/5.0 (Windows NT 10.0; Win64; x64) AppleWebKit/537.36 (KHTML, like Gecko) Chrome/53.0.2785.116 Safari/537.36"
::1 - - [Wed, 21 Sep 2016 08:55:28 GMT] "GET /tags/hava HTTP/1.1" 200 738 "http://localhost:3000/" "Mozilla/5.0 (Windows NT 10.0; Win64; x64) AppleWebKit/537.36 (KHTML, like Gecko) Chrome/53.0.2785.116 Safari/537.36"
::1 - - [Wed, 21 Sep 2016 08:55:35 GMT] "GET / HTTP/1.1" 200 1942 "http://localhost:3000/tags/hava" "Mozilla/5.0 (Windows NT 10.0; Win64; x64) AppleWebKit/537.36 (KHTML, like Gecko) Chrome/53.0.2785.116 Safari/537.36"
::1 - - [Wed, 21 Sep 2016 08:55:40 GMT] "GET /tags/thay HTTP/1.1" 200 864 "http://localhost:3000/" "Mozilla/5.0 (Windows NT 10.0; Win64; x64) AppleWebKit/537.36 (KHTML, like Gecko) Chrome/53.0.2785.116 Safari/537.36"
::1 - - [Wed, 21 Sep 2016 08:55:45 GMT] "GET /u/123/2016-9-21/today HTTP/1.1" 200 1644 "http://localhost:3000/tags/thay" "Mozilla/5.0 (Windows NT 10.0; Win64; x64) AppleWebKit/537.36 (KHTML, like Gecko) Chrome/53.0.2785.116 Safari/537.36"
::1 - - [Wed, 21 Sep 2016 08:55:50 GMT] "GET /search?keyword=sd HTTP/1.1" 200 739 "http://localhost:3000/u/123/2016-9-21/today" "Mozilla/5.0 (Windows NT 10.0; Win64; x64) AppleWebKit/537.36 (KHTML, like Gecko) Chrome/53.0.2785.116 Safari/537.36"
::1 - - [Wed, 21 Sep 2016 08:55:52 GMT] "GET /links HTTP/1.1" 200 907 "http://localhost:3000/search?keyword=sd" "Mozilla/5.0 (Windows NT 10.0; Win64; x64) AppleWebKit/537.36 (KHTML, like Gecko) Chrome/53.0.2785.116 Safari/537.36"
::1 - - [Wed, 21 Sep 2016 08:56:04 GMT] "GET / HTTP/1.1" 200 1942 "http://localhost:3000/links" "Mozilla/5.0 (Windows NT 10.0; Win64; x64) AppleWebKit/537.36 (KHTML, like Gecko) Chrome/53.0.2785.116 Safari/537.36"
::1 - - [Wed, 21 Sep 2016 08:56:54 GMT] "GET / HTTP/1.1" 304 - "http://localhost:3000/" "Mozilla/5.0 (Windows NT 10.0; Win64; x64) AppleWebKit/537.36 (KHTML, like Gecko) Chrome/53.0.2785.116 Safari/537.36"
::1 - - [Wed, 21 Sep 2016 09:01:35 GMT] "GET / HTTP/1.1" 304 - "http://localhost:3000/" "Mozilla/5.0 (Windows NT 10.0; Win64; x64) AppleWebKit/537.36 (KHTML, like Gecko) Chrome/53.0.2785.116 Safari/537.36"
::1 - - [Wed, 21 Sep 2016 09:03:08 GMT] "GET /tags HTTP/1.1" 200 960 "http://localhost:3000/" "Mozilla/5.0 (Windows NT 10.0; Win64; x64) AppleWebKit/537.36 (KHTML, like Gecko) Chrome/53.0.2785.116 Safari/537.36"
::1 - - [Wed, 21 Sep 2016 09:03:15 GMT] "GET /tags/hava HTTP/1.1" 304 - "http://localhost:3000/tags" "Mozilla/5.0 (Windows NT 10.0; Win64; x64) AppleWebKit/537.36 (KHTML, like Gecko) Chrome/53.0.2785.116 Safari/537.36"
::1 - - [Wed, 21 Sep 2016 09:03:17 GMT] "GET /post HTTP/1.1" 200 1044 "http://localhost:3000/tags/hava" "Mozilla/5.0 (Windows NT 10.0; Win64; x64) AppleWebKit/537.36 (KHTML, like Gecko) Chrome/53.0.2785.116 Safari/537.36"
::1 - - [Wed, 21 Sep 2016 09:03:19 GMT] "GET /links HTTP/1.1" 304 - "http://localhost:3000/post" "Mozilla/5.0 (Windows NT 10.0; Win64; x64) AppleWebKit/537.36 (KHTML, like Gecko) Chrome/53.0.2785.116 Safari/537.36"
::1 - - [Wed, 21 Sep 2016 09:03:22 GMT] "GET /tags HTTP/1.1" - - "http://localhost:3000/links" "Mozilla/5.0 (Windows NT 10.0; Win64; x64) AppleWebKit/537.36 (KHTML, like Gecko) Chrome/53.0.2785.116 Safari/537.36"
::1 - - [Wed, 21 Sep 2016 09:03:24 GMT] "GET /archive HTTP/1.1" - - "http://localhost:3000/links" "Mozilla/5.0 (Windows NT 10.0; Win64; x64) AppleWebKit/537.36 (KHTML, like Gecko) Chrome/53.0.2785.116 Safari/537.36"
::1 - - [Wed, 21 Sep 2016 09:03:27 GMT] "GET /archive HTTP/1.1" 200 946 "http://localhost:3000/links" "Mozilla/5.0 (Windows NT 10.0; Win64; x64) AppleWebKit/537.36 (KHTML, like Gecko) Chrome/53.0.2785.116 Safari/537.36"
::1 - - [Wed, 21 Sep 2016 09:03:47 GMT] "GET /u/123/2016-9-21/today HTTP/1.1" 200 1644 "http://localhost:3000/archive" "Mozilla/5.0 (Windows NT 10.0; Win64; x64) AppleWebKit/537.36 (KHTML, like Gecko) Chrome/53.0.2785.116 Safari/537.36"
::1 - - [Wed, 21 Sep 2016 09:04:12 GMT] "GET /u/123/ HTTP/1.1" 200 1849 "-" "Mozilla/5.0 (Windows NT 10.0; Win64; x64) AppleWebKit/537.36 (KHTML, like Gecko) Chrome/53.0.2785.116 Safari/537.36"
::1 - - [Wed, 21 Sep 2016 09:04:18 GMT] "GET / HTTP/1.1" 200 1942 "http://localhost:3000/u/123/" "Mozilla/5.0 (Windows NT 10.0; Win64; x64) AppleWebKit/537.36 (KHTML, like Gecko) Chrome/53.0.2785.116 Safari/537.36"
::1 - - [Wed, 21 Sep 2016 09:04:31 GMT] "GET /u/123 HTTP/1.1" 200 1849 "http://localhost:3000/" "Mozilla/5.0 (Windows NT 10.0; Win64; x64) AppleWebKit/537.36 (KHTML, like Gecko) Chrome/53.0.2785.116 Safari/537.36"
::1 - - [Wed, 21 Sep 2016 09:05:26 GMT] "GET /u/123 HTTP/1.1" 304 - "http://localhost:3000/u/123" "Mozilla/5.0 (Windows NT 10.0; Win64; x64) AppleWebKit/537.36 (KHTML, like Gecko) Chrome/53.0.2785.116 Safari/537.36"
::1 - - [Wed, 21 Sep 2016 09:05:52 GMT] "GET /u/123/2016-9-21/111 HTTP/1.1" 200 1616 "http://localhost:3000/u/123" "Mozilla/5.0 (Windows NT 10.0; Win64; x64) AppleWebKit/537.36 (KHTML, like Gecko) Chrome/53.0.2785.116 Safari/537.36"
::1 - - [Wed, 21 Sep 2016 09:06:15 GMT] "GET / HTTP/1.1" 200 1942 "http://localhost:3000/u/123/2016-9-21/111" "Mozilla/5.0 (Windows NT 10.0; Win64; x64) AppleWebKit/537.36 (KHTML, like Gecko) Chrome/53.0.2785.116 Safari/537.36"
::1 - - [Wed, 21 Sep 2016 09:06:23 GMT] "GET /post HTTP/1.1" 304 - "http://localhost:3000/" "Mozilla/5.0 (Windows NT 10.0; Win64; x64) AppleWebKit/537.36 (KHTML, like Gecko) Chrome/53.0.2785.116 Safari/537.36"
::1 - - [Wed, 21 Sep 2016 09:08:38 GMT] "GET / HTTP/1.1" 304 - "-" "Mozilla/5.0 (Windows NT 10.0; Win64; x64) AppleWebKit/537.36 (KHTML, like Gecko) Chrome/53.0.2785.116 Safari/537.36"
::1 - - [Wed, 21 Sep 2016 09:10:49 GMT] "GET /u/123/2016-9-21/today HTTP/1.1" 200 1644 "http://localhost:3000/" "Mozilla/5.0 (Windows NT 10.0; Win64; x64) AppleWebKit/537.36 (KHTML, like Gecko) Chrome/53.0.2785.116 Safari/537.36"
::1 - - [Wed, 21 Sep 2016 09:10:55 GMT] "GET /edit/123/2016-9-21/today HTTP/1.1" 200 1202 "http://localhost:3000/u/123/2016-9-21/today" "Mozilla/5.0 (Windows NT 10.0; Win64; x64) AppleWebKit/537.36 (KHTML, like Gecko) Chrome/53.0.2785.116 Safari/537.36"
::1 - - [Wed, 21 Sep 2016 09:11:07 GMT] "POST /edit/123/2016-9-21/today HTTP/1.1" 302 88 "http://localhost:3000/edit/123/2016-9-21/today" "Mozilla/5.0 (Windows NT 10.0; Win64; x64) AppleWebKit/537.36 (KHTML, like Gecko) Chrome/53.0.2785.116 Safari/537.36"
::1 - - [Wed, 21 Sep 2016 09:11:09 GMT] "GET /u/123/2016-9-21/today HTTP/1.1" 200 1708 "http://localhost:3000/edit/123/2016-9-21/today" "Mozilla/5.0 (Windows NT 10.0; Win64; x64) AppleWebKit/537.36 (KHTML, like Gecko) Chrome/53.0.2785.116 Safari/537.36"
::1 - - [Wed, 21 Sep 2016 09:11:15 GMT] "GET / HTTP/1.1" 200 1978 "http://localhost:3000/u/123/2016-9-21/today" "Mozilla/5.0 (Windows NT 10.0; Win64; x64) AppleWebKit/537.36 (KHTML, like Gecko) Chrome/53.0.2785.116 Safari/537.36"
::1 - - [Wed, 21 Sep 2016 13:10:06 GMT] "GET / HTTP/1.1" 200 1976 "-" "Mozilla/5.0 (Windows NT 10.0; Win64; x64) AppleWebKit/537.36 (KHTML, like Gecko) Chrome/53.0.2785.116 Safari/537.36"
::1 - - [Wed, 21 Sep 2016 13:10:09 GMT] "GET /login HTTP/1.1" 200 894 "http://localhost:3000/" "Mozilla/5.0 (Windows NT 10.0; Win64; x64) AppleWebKit/537.36 (KHTML, like Gecko) Chrome/53.0.2785.116 Safari/537.36"
::1 - - [Wed, 21 Sep 2016 13:10:21 GMT] "POST /login HTTP/1.1" - - "http://localhost:3000/login" "Mozilla/5.0 (Windows NT 10.0; Win64; x64) AppleWebKit/537.36 (KHTML, like Gecko) Chrome/53.0.2785.116 Safari/537.36"
::1 - - [Wed, 21 Sep 2016 13:10:36 GMT] "POST /login HTTP/1.1" 503 622 "http://localhost:3000/login" "Mozilla/5.0 (Windows NT 10.0; Win64; x64) AppleWebKit/537.36 (KHTML, like Gecko) Chrome/53.0.2785.116 Safari/537.36"
::1 - - [Wed, 21 Sep 2016 13:11:11 GMT] "POST /login HTTP/1.1" - - "http://localhost:3000/login" "Mozilla/5.0 (Windows NT 10.0; Win64; x64) AppleWebKit/537.36 (KHTML, like Gecko) Chrome/53.0.2785.116 Safari/537.36"
::1 - - [Wed, 21 Sep 2016 13:11:11 GMT] "GET /reg HTTP/1.1" 200 1027 "http://localhost:3000/login" "Mozilla/5.0 (Windows NT 10.0; Win64; x64) AppleWebKit/537.36 (KHTML, like Gecko) Chrome/53.0.2785.116 Safari/537.36"
::1 - - [Wed, 21 Sep 2016 13:11:42 GMT] "POST /reg HTTP/1.1" 503 622 "http://localhost:3000/reg" "Mozilla/5.0 (Windows NT 10.0; Win64; x64) AppleWebKit/537.36 (KHTML, like Gecko) Chrome/53.0.2785.116 Safari/537.36"
::1 - - [Wed, 21 Sep 2016 13:13:55 GMT] "POST /reg HTTP/1.1" - - "http://localhost:3000/reg" "Mozilla/5.0 (Windows NT 10.0; Win64; x64) AppleWebKit/537.36 (KHTML, like Gecko) Chrome/53.0.2785.116 Safari/537.36"
::1 - - [Wed, 21 Sep 2016 13:13:58 GMT] "GET /login HTTP/1.1" 304 - "http://localhost:3000/reg" "Mozilla/5.0 (Windows NT 10.0; Win64; x64) AppleWebKit/537.36 (KHTML, like Gecko) Chrome/53.0.2785.116 Safari/537.36"
::1 - - [Wed, 21 Sep 2016 13:14:14 GMT] "POST /login HTTP/1.1" 503 622 "http://localhost:3000/login" "Mozilla/5.0 (Windows NT 10.0; Win64; x64) AppleWebKit/537.36 (KHTML, like Gecko) Chrome/53.0.2785.116 Safari/537.36"
::1 - - [Wed, 21 Sep 2016 13:18:24 GMT] "GET / HTTP/1.1" 304 - "-" "Mozilla/5.0 (Windows NT 10.0; Win64; x64) AppleWebKit/537.36 (KHTML, like Gecko) Chrome/53.0.2785.116 Safari/537.36"
::1 - - [Wed, 21 Sep 2016 13:18:26 GMT] "GET /login HTTP/1.1" 304 - "http://localhost:3000/" "Mozilla/5.0 (Windows NT 10.0; Win64; x64) AppleWebKit/537.36 (KHTML, like Gecko) Chrome/53.0.2785.116 Safari/537.36"
::1 - - [Wed, 21 Sep 2016 13:18:30 GMT] "POST /login HTTP/1.1" 302 56 "http://localhost:3000/login" "Mozilla/5.0 (Windows NT 10.0; Win64; x64) AppleWebKit/537.36 (KHTML, like Gecko) Chrome/53.0.2785.116 Safari/537.36"
::1 - - [Wed, 21 Sep 2016 13:18:30 GMT] "GET /login HTTP/1.1" 200 926 "http://localhost:3000/login" "Mozilla/5.0 (Windows NT 10.0; Win64; x64) AppleWebKit/537.36 (KHTML, like Gecko) Chrome/53.0.2785.116 Safari/537.36"
::1 - - [Wed, 21 Sep 2016 13:18:32 GMT] "GET /reg HTTP/1.1" 304 - "http://localhost:3000/login" "Mozilla/5.0 (Windows NT 10.0; Win64; x64) AppleWebKit/537.36 (KHTML, like Gecko) Chrome/53.0.2785.116 Safari/537.36"
::1 - - [Wed, 21 Sep 2016 13:19:05 GMT] "POST /reg HTTP/1.1" 503 622 "http://localhost:3000/reg" "Mozilla/5.0 (Windows NT 10.0; Win64; x64) AppleWebKit/537.36 (KHTML, like Gecko) Chrome/53.0.2785.116 Safari/537.36"
::1 - - [Wed, 21 Sep 2016 13:19:52 GMT] "POST /reg HTTP/1.1" 302 52 "http://localhost:3000/reg" "Mozilla/5.0 (Windows NT 10.0; Win64; x64) AppleWebKit/537.36 (KHTML, like Gecko) Chrome/53.0.2785.116 Safari/537.36"
::1 - - [Wed, 21 Sep 2016 13:19:52 GMT] "GET /reg HTTP/1.1" 200 1074 "http://localhost:3000/reg" "Mozilla/5.0 (Windows NT 10.0; Win64; x64) AppleWebKit/537.36 (KHTML, like Gecko) Chrome/53.0.2785.116 Safari/537.36"
::1 - - [Wed, 21 Sep 2016 13:20:09 GMT] "POST /reg HTTP/1.1" 302 46 "http://localhost:3000/reg" "Mozilla/5.0 (Windows NT 10.0; Win64; x64) AppleWebKit/537.36 (KHTML, like Gecko) Chrome/53.0.2785.116 Safari/537.36"
::1 - - [Wed, 21 Sep 2016 13:20:11 GMT] "GET / HTTP/1.1" 200 2006 "http://localhost:3000/reg" "Mozilla/5.0 (Windows NT 10.0; Win64; x64) AppleWebKit/537.36 (KHTML, like Gecko) Chrome/53.0.2785.116 Safari/537.36"
::1 - - [Wed, 21 Sep 2016 13:20:18 GMT] "GET / HTTP/1.1" - - "http://localhost:3000/" "Mozilla/5.0 (Windows NT 10.0; Win64; x64) AppleWebKit/537.36 (KHTML, like Gecko) Chrome/53.0.2785.116 Safari/537.36"
::1 - - [Wed, 21 Sep 2016 13:20:19 GMT] "GET / HTTP/1.1" - - "http://localhost:3000/" "Mozilla/5.0 (Windows NT 10.0; Win64; x64) AppleWebKit/537.36 (KHTML, like Gecko) Chrome/53.0.2785.116 Safari/537.36"
::1 - - [Wed, 21 Sep 2016 13:20:19 GMT] "GET /post HTTP/1.1" 304 - "http://localhost:3000/" "Mozilla/5.0 (Windows NT 10.0; Win64; x64) AppleWebKit/537.36 (KHTML, like Gecko) Chrome/53.0.2785.116 Safari/537.36"
::1 - - [Wed, 21 Sep 2016 13:20:35 GMT] "POST /post HTTP/1.1" 302 46 "http://localhost:3000/post" "Mozilla/5.0 (Windows NT 10.0; Win64; x64) AppleWebKit/537.36 (KHTML, like Gecko) Chrome/53.0.2785.116 Safari/537.36"
::1 - - [Wed, 21 Sep 2016 13:20:43 GMT] "GET / HTTP/1.1" 200 2629 "http://localhost:3000/post" "Mozilla/5.0 (Windows NT 10.0; Win64; x64) AppleWebKit/537.36 (KHTML, like Gecko) Chrome/53.0.2785.116 Safari/537.36"
::1 - - [Wed, 21 Sep 2016 13:21:11 GMT] "GET / HTTP/1.1" 200 2601 "http://localhost:3000/" "Mozilla/5.0 (Windows NT 10.0; Win64; x64) AppleWebKit/537.36 (KHTML, like Gecko) Chrome/53.0.2785.116 Safari/537.36"
::ffff:127.0.0.1 - - [Thu, 22 Sep 2016 01:49:29 GMT] "GET / HTTP/1.1" - - "-" "Mozilla/5.0 (Windows NT 10.0; Win64; x64) AppleWebKit/537.36 (KHTML, like Gecko) Chrome/53.0.2785.116 Safari/537.36"
::1 - - [Thu, 22 Sep 2016 01:49:32 GMT] "GET / HTTP/1.1" 200 2732 "-" "Mozilla/5.0 (Windows NT 10.0; Win64; x64) AppleWebKit/537.36 (KHTML, like Gecko) Chrome/53.0.2785.116 Safari/537.36"
::1 - - [Thu, 22 Sep 2016 01:49:33 GMT] "GET /favicon.ico HTTP/1.1" 200 207 "http://localhost:3000/" "Mozilla/5.0 (Windows NT 10.0; Win64; x64) AppleWebKit/537.36 (KHTML, like Gecko) Chrome/53.0.2785.116 Safari/537.36"
::1 - - [Thu, 22 Sep 2016 01:51:03 GMT] "GET / HTTP/1.1" 200 2834 "-" "Mozilla/5.0 (Windows NT 10.0; Win64; x64) AppleWebKit/537.36 (KHTML, like Gecko) Chrome/53.0.2785.116 Safari/537.36"
::1 - - [Thu, 22 Sep 2016 01:51:04 GMT] "GET /favicon.ico HTTP/1.1" 304 - "http://localhost:3000/" "Mozilla/5.0 (Windows NT 10.0; Win64; x64) AppleWebKit/537.36 (KHTML, like Gecko) Chrome/53.0.2785.116 Safari/537.36"
::1 - - [Thu, 22 Sep 2016 01:52:53 GMT] "GET / HTTP/1.1" - - "-" "Mozilla/5.0 (Windows NT 10.0; Win64; x64) AppleWebKit/537.36 (KHTML, like Gecko) Chrome/53.0.2785.116 Safari/537.36"
::1 - - [Thu, 22 Sep 2016 01:52:56 GMT] "GET / HTTP/1.1" 200 2834 "-" "Mozilla/5.0 (Windows NT 10.0; Win64; x64) AppleWebKit/537.36 (KHTML, like Gecko) Chrome/53.0.2785.116 Safari/537.36"
::1 - - [Thu, 22 Sep 2016 01:52:56 GMT] "GET /favicon.ico HTTP/1.1" 200 207 "http://localhost:3000/" "Mozilla/5.0 (Windows NT 10.0; Win64; x64) AppleWebKit/537.36 (KHTML, like Gecko) Chrome/53.0.2785.116 Safari/537.36"
::1 - - [Thu, 22 Sep 2016 01:53:46 GMT] "GET / HTTP/1.1" 304 - "-" "Mozilla/5.0 (Windows NT 10.0; Win64; x64) AppleWebKit/537.36 (KHTML, like Gecko) Chrome/53.0.2785.116 Safari/537.36"
::1 - - [Thu, 22 Sep 2016 01:53:47 GMT] "GET /favicon.ico HTTP/1.1" 200 207 "http://localhost:3000/" "Mozilla/5.0 (Windows NT 10.0; Win64; x64) AppleWebKit/537.36 (KHTML, like Gecko) Chrome/53.0.2785.116 Safari/537.36"
::1 - - [Thu, 22 Sep 2016 01:53:52 GMT] "GET / HTTP/1.1" 304 - "-" "Mozilla/5.0 (Windows NT 10.0; Win64; x64) AppleWebKit/537.36 (KHTML, like Gecko) Chrome/53.0.2785.116 Safari/537.36"
::1 - - [Thu, 22 Sep 2016 01:53:53 GMT] "GET /favicon.ico HTTP/1.1" 200 207 "http://localhost:3000/" "Mozilla/5.0 (Windows NT 10.0; Win64; x64) AppleWebKit/537.36 (KHTML, like Gecko) Chrome/53.0.2785.116 Safari/537.36"
::1 - - [Thu, 22 Sep 2016 01:54:01 GMT] "GET / HTTP/1.1" 304 - "-" "Mozilla/5.0 (Windows NT 10.0; Win64; x64) AppleWebKit/537.36 (KHTML, like Gecko) Chrome/53.0.2785.116 Safari/537.36"
::1 - - [Thu, 22 Sep 2016 01:54:01 GMT] "GET /favicon.ico HTTP/1.1" 200 207 "http://localhost:3000/" "Mozilla/5.0 (Windows NT 10.0; Win64; x64) AppleWebKit/537.36 (KHTML, like Gecko) Chrome/53.0.2785.116 Safari/537.36"
::1 - - [Thu, 22 Sep 2016 01:55:26 GMT] "GET / HTTP/1.1" - - "-" "Mozilla/5.0 (Windows NT 10.0; Win64; x64) AppleWebKit/537.36 (KHTML, like Gecko) Chrome/53.0.2785.116 Safari/537.36"
::1 - - [Thu, 22 Sep 2016 01:55:27 GMT] "GET / HTTP/1.1" - - "-" "Mozilla/5.0 (Windows NT 10.0; Win64; x64) AppleWebKit/537.36 (KHTML, like Gecko) Chrome/53.0.2785.116 Safari/537.36"
::1 - - [Thu, 22 Sep 2016 01:55:29 GMT] "GET / HTTP/1.1" 200 2834 "-" "Mozilla/5.0 (Windows NT 10.0; Win64; x64) AppleWebKit/537.36 (KHTML, like Gecko) Chrome/53.0.2785.116 Safari/537.36"
::1 - - [Thu, 22 Sep 2016 01:55:30 GMT] "GET /favicon.ico HTTP/1.1" 200 207 "http://localhost:3000/" "Mozilla/5.0 (Windows NT 10.0; Win64; x64) AppleWebKit/537.36 (KHTML, like Gecko) Chrome/53.0.2785.116 Safari/537.36"
::ffff:127.0.0.1 - - [Sat, 08 Oct 2016 08:51:10 GMT] "GET / HTTP/1.1" 200 7102 "-" "Mozilla/5.0 (Windows NT 10.0; Win64; x64) AppleWebKit/537.36 (KHTML, like Gecko) Chrome/53.0.2785.116 Safari/537.36"
::ffff:127.0.0.1 - - [Sat, 08 Oct 2016 08:51:11 GMT] "GET /favicon.ico HTTP/1.1" 200 207 "http://localhost:3000/" "Mozilla/5.0 (Windows NT 10.0; Win64; x64) AppleWebKit/537.36 (KHTML, like Gecko) Chrome/53.0.2785.116 Safari/537.36"
::1 - - [Sat, 08 Oct 2016 08:53:07 GMT] "GET / HTTP/1.1" 200 3859 "-" "Mozilla/5.0 (Windows NT 10.0; Win64; x64) AppleWebKit/537.36 (KHTML, like Gecko) Chrome/53.0.2785.116 Safari/537.36"
::1 - - [Sat, 08 Oct 2016 08:53:07 GMT] "GET /favicon.ico HTTP/1.1" 200 207 "http://localhost:3000/" "Mozilla/5.0 (Windows NT 10.0; Win64; x64) AppleWebKit/537.36 (KHTML, like Gecko) Chrome/53.0.2785.116 Safari/537.36"
::1 - - [Sat, 08 Oct 2016 08:53:17 GMT] "GET /?p=2 HTTP/1.1" 200 4279 "http://localhost:3000/" "Mozilla/5.0 (Windows NT 10.0; Win64; x64) AppleWebKit/537.36 (KHTML, like Gecko) Chrome/53.0.2785.116 Safari/537.36"
::1 - - [Sat, 08 Oct 2016 08:53:18 GMT] "GET /favicon.ico HTTP/1.1" 304 - "http://localhost:3000/?p=2" "Mozilla/5.0 (Windows NT 10.0; Win64; x64) AppleWebKit/537.36 (KHTML, like Gecko) Chrome/53.0.2785.116 Safari/537.36"
::1 - - [Sat, 08 Oct 2016 08:53:22 GMT] "GET /?p=3 HTTP/1.1" 200 1576 "http://localhost:3000/?p=2" "Mozilla/5.0 (Windows NT 10.0; Win64; x64) AppleWebKit/537.36 (KHTML, like Gecko) Chrome/53.0.2785.116 Safari/537.36"
::1 - - [Sat, 08 Oct 2016 08:53:22 GMT] "GET /favicon.ico HTTP/1.1" 304 - "http://localhost:3000/?p=3" "Mozilla/5.0 (Windows NT 10.0; Win64; x64) AppleWebKit/537.36 (KHTML, like Gecko) Chrome/53.0.2785.116 Safari/537.36"
::1 - - [Sat, 08 Oct 2016 08:53:40 GMT] "GET /?p=2 HTTP/1.1" 304 - "http://localhost:3000/?p=3" "Mozilla/5.0 (Windows NT 10.0; Win64; x64) AppleWebKit/537.36 (KHTML, like Gecko) Chrome/53.0.2785.116 Safari/537.36"
::1 - - [Sat, 08 Oct 2016 08:53:41 GMT] "GET /favicon.ico HTTP/1.1" 304 - "http://localhost:3000/?p=2" "Mozilla/5.0 (Windows NT 10.0; Win64; x64) AppleWebKit/537.36 (KHTML, like Gecko) Chrome/53.0.2785.116 Safari/537.36"
::1 - - [Sat, 08 Oct 2016 08:53:45 GMT] "GET /u/123 HTTP/1.1" 500 2086 "http://localhost:3000/?p=2" "Mozilla/5.0 (Windows NT 10.0; Win64; x64) AppleWebKit/537.36 (KHTML, like Gecko) Chrome/53.0.2785.116 Safari/537.36"
::1 - - [Sat, 08 Oct 2016 08:53:46 GMT] "GET /favicon.ico HTTP/1.1" 304 - "http://localhost:3000/u/123" "Mozilla/5.0 (Windows NT 10.0; Win64; x64) AppleWebKit/537.36 (KHTML, like Gecko) Chrome/53.0.2785.116 Safari/537.36"
::1 - - [Sat, 08 Oct 2016 09:16:09 GMT] "GET / HTTP/1.1" 304 - "-" "Mozilla/5.0 (Windows NT 10.0; Win64; x64) AppleWebKit/537.36 (KHTML, like Gecko) Chrome/53.0.2785.116 Safari/537.36"
::1 - - [Sat, 08 Oct 2016 09:16:10 GMT] "GET /favicon.ico HTTP/1.1" 304 - "http://localhost:3000/" "Mozilla/5.0 (Windows NT 10.0; Win64; x64) AppleWebKit/537.36 (KHTML, like Gecko) Chrome/53.0.2785.116 Safari/537.36"
::1 - - [Sat, 08 Oct 2016 09:16:16 GMT] "GET /?p=2 HTTP/1.1" 304 - "http://localhost:3000/" "Mozilla/5.0 (Windows NT 10.0; Win64; x64) AppleWebKit/537.36 (KHTML, like Gecko) Chrome/53.0.2785.116 Safari/537.36"
::1 - - [Sat, 08 Oct 2016 09:16:17 GMT] "GET /favicon.ico HTTP/1.1" 304 - "http://localhost:3000/?p=2" "Mozilla/5.0 (Windows NT 10.0; Win64; x64) AppleWebKit/537.36 (KHTML, like Gecko) Chrome/53.0.2785.116 Safari/537.36"
::ffff:127.0.0.1 - - [Sat, 08 Oct 2016 09:21:30 GMT] "GET / HTTP/1.1" 304 - "http://localhost:3000/?p=2" "Mozilla/5.0 (Windows NT 10.0; Win64; x64) AppleWebKit/537.36 (KHTML, like Gecko) Chrome/53.0.2785.116 Safari/537.36"
::ffff:127.0.0.1 - - [Sat, 08 Oct 2016 09:21:30 GMT] "GET /favicon.ico HTTP/1.1" 304 - "http://localhost:3000/" "Mozilla/5.0 (Windows NT 10.0; Win64; x64) AppleWebKit/537.36 (KHTML, like Gecko) Chrome/53.0.2785.116 Safari/537.36"
::ffff:127.0.0.1 - - [Sat, 08 Oct 2016 09:21:41 GMT] "GET / HTTP/1.1" 304 - "http://localhost:3000/" "Mozilla/5.0 (Windows NT 10.0; Win64; x64) AppleWebKit/537.36 (KHTML, like Gecko) Chrome/53.0.2785.116 Safari/537.36"
::ffff:127.0.0.1 - - [Sat, 08 Oct 2016 09:21:41 GMT] "GET /favicon.ico HTTP/1.1" 304 - "http://localhost:3000/" "Mozilla/5.0 (Windows NT 10.0; Win64; x64) AppleWebKit/537.36 (KHTML, like Gecko) Chrome/53.0.2785.116 Safari/537.36"
::1 - - [Sat, 08 Oct 2016 09:22:21 GMT] "GET / HTTP/1.1" 304 - "http://localhost:3000/" "Mozilla/5.0 (Windows NT 10.0; Win64; x64) AppleWebKit/537.36 (KHTML, like Gecko) Chrome/53.0.2785.116 Safari/537.36"
::1 - - [Sat, 08 Oct 2016 09:22:22 GMT] "GET /favicon.ico HTTP/1.1" 200 207 "http://localhost:3000/" "Mozilla/5.0 (Windows NT 10.0; Win64; x64) AppleWebKit/537.36 (KHTML, like Gecko) Chrome/53.0.2785.116 Safari/537.36"
::1 - - [Sat, 08 Oct 2016 09:22:27 GMT] "GET / HTTP/1.1" 304 - "http://localhost:3000/" "Mozilla/5.0 (Windows NT 10.0; Win64; x64) AppleWebKit/537.36 (KHTML, like Gecko) Chrome/53.0.2785.116 Safari/537.36"
::1 - - [Sat, 08 Oct 2016 09:22:27 GMT] "GET /favicon.ico HTTP/1.1" 200 207 "http://localhost:3000/" "Mozilla/5.0 (Windows NT 10.0; Win64; x64) AppleWebKit/537.36 (KHTML, like Gecko) Chrome/53.0.2785.116 Safari/537.36"
::1 - - [Sat, 08 Oct 2016 09:23:54 GMT] "GET /demoblog HTTP/1.1" 503 622 "-" "Mozilla/5.0 (Windows NT 10.0; Win64; x64) AppleWebKit/537.36 (KHTML, like Gecko) Chrome/53.0.2785.116 Safari/537.36"
::1 - - [Sat, 08 Oct 2016 09:23:55 GMT] "GET /favicon.ico HTTP/1.1" 304 - "http://localhost:3000/demoblog" "Mozilla/5.0 (Windows NT 10.0; Win64; x64) AppleWebKit/537.36 (KHTML, like Gecko) Chrome/53.0.2785.116 Safari/537.36"
::1 - - [Sat, 08 Oct 2016 09:32:04 GMT] "GET /demoblog HTTP/1.1" - - "-" "Mozilla/5.0 (Windows NT 10.0; Win64; x64) AppleWebKit/537.36 (KHTML, like Gecko) Chrome/53.0.2785.116 Safari/537.36"
::ffff:127.0.0.1 - - [Sat, 08 Oct 2016 09:32:21 GMT] "GET /demoblog HTTP/1.1" 503 622 "-" "Mozilla/5.0 (Windows NT 10.0; Win64; x64) AppleWebKit/537.36 (KHTML, like Gecko) Chrome/53.0.2785.116 Safari/537.36"
::ffff:127.0.0.1 - - [Sat, 08 Oct 2016 09:32:22 GMT] "GET /favicon.ico HTTP/1.1" 200 207 "http://localhost:3000/demoblog" "Mozilla/5.0 (Windows NT 10.0; Win64; x64) AppleWebKit/537.36 (KHTML, like Gecko) Chrome/53.0.2785.116 Safari/537.36"
::1 - - [Sat, 08 Oct 2016 09:33:44 GMT] "GET /demoblog HTTP/1.1" 503 622 "-" "Mozilla/5.0 (Windows NT 10.0; Win64; x64) AppleWebKit/537.36 (KHTML, like Gecko) Chrome/53.0.2785.116 Safari/537.36"
::1 - - [Sat, 08 Oct 2016 09:33:44 GMT] "GET /favicon.ico HTTP/1.1" 200 207 "http://localhost:3000/demoblog" "Mozilla/5.0 (Windows NT 10.0; Win64; x64) AppleWebKit/537.36 (KHTML, like Gecko) Chrome/53.0.2785.116 Safari/537.36"
::1 - - [Sat, 08 Oct 2016 09:34:43 GMT] "GET /demoblog HTTP/1.1" 500 1922 "-" "Mozilla/5.0 (Windows NT 10.0; Win64; x64) AppleWebKit/537.36 (KHTML, like Gecko) Chrome/53.0.2785.116 Safari/537.36"
::1 - - [Sat, 08 Oct 2016 09:34:44 GMT] "GET /favicon.ico HTTP/1.1" 200 207 "http://localhost:3000/demoblog" "Mozilla/5.0 (Windows NT 10.0; Win64; x64) AppleWebKit/537.36 (KHTML, like Gecko) Chrome/53.0.2785.116 Safari/537.36"
::1 - - [Sat, 08 Oct 2016 09:35:13 GMT] "GET /demoblog HTTP/1.1" 500 1922 "-" "Mozilla/5.0 (Windows NT 10.0; Win64; x64) AppleWebKit/537.36 (KHTML, like Gecko) Chrome/53.0.2785.116 Safari/537.36"
::1 - - [Sat, 08 Oct 2016 09:35:13 GMT] "GET /favicon.ico HTTP/1.1" 200 207 "http://localhost:3000/demoblog" "Mozilla/5.0 (Windows NT 10.0; Win64; x64) AppleWebKit/537.36 (KHTML, like Gecko) Chrome/53.0.2785.116 Safari/537.36"
::1 - - [Sat, 08 Oct 2016 09:35:14 GMT] "GET /demoblog HTTP/1.1" 500 1922 "-" "Mozilla/5.0 (Windows NT 10.0; Win64; x64) AppleWebKit/537.36 (KHTML, like Gecko) Chrome/53.0.2785.116 Safari/537.36"
::1 - - [Sat, 08 Oct 2016 09:35:14 GMT] "GET /favicon.ico HTTP/1.1" 200 207 "http://localhost:3000/demoblog" "Mozilla/5.0 (Windows NT 10.0; Win64; x64) AppleWebKit/537.36 (KHTML, like Gecko) Chrome/53.0.2785.116 Safari/537.36"
::1 - - [Sat, 08 Oct 2016 09:35:32 GMT] "GET /demoblog HTTP/1.1" 503 622 "-" "Mozilla/5.0 (Windows NT 10.0; Win64; x64) AppleWebKit/537.36 (KHTML, like Gecko) Chrome/53.0.2785.116 Safari/537.36"
::1 - - [Sat, 08 Oct 2016 09:35:33 GMT] "GET /favicon.ico HTTP/1.1" 200 207 "http://localhost:3000/demoblog" "Mozilla/5.0 (Windows NT 10.0; Win64; x64) AppleWebKit/537.36 (KHTML, like Gecko) Chrome/53.0.2785.116 Safari/537.36"
::1 - - [Sat, 08 Oct 2016 09:35:35 GMT] "GET / HTTP/1.1" 304 - "-" "Mozilla/5.0 (Windows NT 10.0; Win64; x64) AppleWebKit/537.36 (KHTML, like Gecko) Chrome/53.0.2785.116 Safari/537.36"
::1 - - [Sat, 08 Oct 2016 09:35:36 GMT] "GET /favicon.ico HTTP/1.1" 304 - "http://localhost:3000/" "Mozilla/5.0 (Windows NT 10.0; Win64; x64) AppleWebKit/537.36 (KHTML, like Gecko) Chrome/53.0.2785.116 Safari/537.36"
::1 - - [Sat, 08 Oct 2016 09:35:38 GMT] "GET /favicon.ico HTTP/1.1" 304 - "http://localhost:3000/demoblog" "Mozilla/5.0 (Windows NT 10.0; Win64; x64) AppleWebKit/537.36 (KHTML, like Gecko) Chrome/53.0.2785.116 Safari/537.36"
::1 - - [Sat, 08 Oct 2016 09:36:14 GMT] "GET /demoblog HTTP/1.1" - - "-" "Mozilla/5.0 (Windows NT 10.0; Win64; x64) AppleWebKit/537.36 (KHTML, like Gecko) Chrome/53.0.2785.116 Safari/537.36"
::1 - - [Sat, 08 Oct 2016 09:36:19 GMT] "GET /demoblog HTTP/1.1" 200 2912 "-" "Mozilla/5.0 (Windows NT 10.0; Win64; x64) AppleWebKit/537.36 (KHTML, like Gecko) Chrome/53.0.2785.116 Safari/537.36"
::1 - - [Sat, 08 Oct 2016 09:36:20 GMT] "GET /favicon.ico HTTP/1.1" 200 207 "http://localhost:3000/demoblog" "Mozilla/5.0 (Windows NT 10.0; Win64; x64) AppleWebKit/537.36 (KHTML, like Gecko) Chrome/53.0.2785.116 Safari/537.36"
::1 - - [Sat, 08 Oct 2016 09:37:44 GMT] "GET /demoblog HTTP/1.1" 304 - "-" "Mozilla/5.0 (Windows NT 10.0; Win64; x64) AppleWebKit/537.36 (KHTML, like Gecko) Chrome/53.0.2785.116 Safari/537.36"
::1 - - [Sat, 08 Oct 2016 09:37:45 GMT] "GET /favicon.ico HTTP/1.1" 200 207 "http://localhost:3000/demoblog" "Mozilla/5.0 (Windows NT 10.0; Win64; x64) AppleWebKit/537.36 (KHTML, like Gecko) Chrome/53.0.2785.116 Safari/537.36"
::ffff:127.0.0.1 - - [Sat, 08 Oct 2016 09:37:59 GMT] "GET /demoblog HTTP/1.1" 200 2271 "-" "Mozilla/5.0 (Windows NT 10.0; Win64; x64) AppleWebKit/537.36 (KHTML, like Gecko) Chrome/53.0.2785.116 Safari/537.36"
::ffff:127.0.0.1 - - [Sat, 08 Oct 2016 09:38:00 GMT] "GET /favicon.ico HTTP/1.1" 200 207 "http://localhost:3000/demoblog" "Mozilla/5.0 (Windows NT 10.0; Win64; x64) AppleWebKit/537.36 (KHTML, like Gecko) Chrome/53.0.2785.116 Safari/537.36"
::ffff:127.0.0.1 - - [Sat, 08 Oct 2016 09:38:03 GMT] "GET /demoblog HTTP/1.1" 304 - "-" "Mozilla/5.0 (Windows NT 10.0; Win64; x64) AppleWebKit/537.36 (KHTML, like Gecko) Chrome/53.0.2785.116 Safari/537.36"
::ffff:127.0.0.1 - - [Sat, 08 Oct 2016 09:38:04 GMT] "GET /favicon.ico HTTP/1.1" 200 207 "http://localhost:3000/demoblog" "Mozilla/5.0 (Windows NT 10.0; Win64; x64) AppleWebKit/537.36 (KHTML, like Gecko) Chrome/53.0.2785.116 Safari/537.36"
::1 - - [Sat, 08 Oct 2016 09:38:14 GMT] "GET /demoblog?p=2 HTTP/1.1" 200 2090 "http://localhost:3000/demoblog" "Mozilla/5.0 (Windows NT 10.0; Win64; x64) AppleWebKit/537.36 (KHTML, like Gecko) Chrome/53.0.2785.116 Safari/537.36"
::1 - - [Sat, 08 Oct 2016 09:38:15 GMT] "GET /favicon.ico HTTP/1.1" 304 - "http://localhost:3000/demoblog?p=2" "Mozilla/5.0 (Windows NT 10.0; Win64; x64) AppleWebKit/537.36 (KHTML, like Gecko) Chrome/53.0.2785.116 Safari/537.36"
::1 - - [Sat, 08 Oct 2016 09:38:19 GMT] "GET /demoblog?p=3 HTTP/1.1" 200 2177 "http://localhost:3000/demoblog?p=2" "Mozilla/5.0 (Windows NT 10.0; Win64; x64) AppleWebKit/537.36 (KHTML, like Gecko) Chrome/53.0.2785.116 Safari/537.36"
::1 - - [Sat, 08 Oct 2016 09:38:20 GMT] "GET /favicon.ico HTTP/1.1" 304 - "http://localhost:3000/demoblog?p=3" "Mozilla/5.0 (Windows NT 10.0; Win64; x64) AppleWebKit/537.36 (KHTML, like Gecko) Chrome/53.0.2785.116 Safari/537.36"
::1 - - [Sat, 08 Oct 2016 09:42:30 GMT] "GET /demoblog?p=3 HTTP/1.1" 304 - "http://localhost:3000/demoblog?p=2" "Mozilla/5.0 (Windows NT 10.0; Win64; x64) AppleWebKit/537.36 (KHTML, like Gecko) Chrome/53.0.2785.116 Safari/537.36"
::1 - - [Sat, 08 Oct 2016 09:42:31 GMT] "GET /favicon.ico HTTP/1.1" 200 207 "http://localhost:3000/demoblog?p=3" "Mozilla/5.0 (Windows NT 10.0; Win64; x64) AppleWebKit/537.36 (KHTML, like Gecko) Chrome/53.0.2785.116 Safari/537.36"
::1 - - [Sat, 08 Oct 2016 09:42:40 GMT] "GET /demoblog?p=2 HTTP/1.1" 304 - "http://localhost:3000/demoblog?p=3" "Mozilla/5.0 (Windows NT 10.0; Win64; x64) AppleWebKit/537.36 (KHTML, like Gecko) Chrome/53.0.2785.116 Safari/537.36"
::1 - - [Sat, 08 Oct 2016 09:42:40 GMT] "GET /favicon.ico HTTP/1.1" 304 - "http://localhost:3000/demoblog?p=2" "Mozilla/5.0 (Windows NT 10.0; Win64; x64) AppleWebKit/537.36 (KHTML, like Gecko) Chrome/53.0.2785.116 Safari/537.36"
::1 - - [Sat, 08 Oct 2016 09:42:58 GMT] "GET /demoblog?p=3 HTTP/1.1" 304 - "http://localhost:3000/demoblog?p=2" "Mozilla/5.0 (Windows NT 10.0; Win64; x64) AppleWebKit/537.36 (KHTML, like Gecko) Chrome/53.0.2785.116 Safari/537.36"
::1 - - [Sat, 08 Oct 2016 09:42:59 GMT] "GET /favicon.ico HTTP/1.1" 304 - "http://localhost:3000/demoblog?p=3" "Mozilla/5.0 (Windows NT 10.0; Win64; x64) AppleWebKit/537.36 (KHTML, like Gecko) Chrome/53.0.2785.116 Safari/537.36"
::1 - - [Sat, 08 Oct 2016 09:44:00 GMT] "GET /demoblog?p=3 HTTP/1.1" 304 - "http://localhost:3000/demoblog?p=2" "Mozilla/5.0 (Windows NT 10.0; Win64; x64) AppleWebKit/537.36 (KHTML, like Gecko) Chrome/53.0.2785.116 Safari/537.36"
::1 - - [Sat, 08 Oct 2016 09:44:01 GMT] "GET /favicon.ico HTTP/1.1" 200 207 "http://localhost:3000/demoblog?p=3" "Mozilla/5.0 (Windows NT 10.0; Win64; x64) AppleWebKit/537.36 (KHTML, like Gecko) Chrome/53.0.2785.116 Safari/537.36"
::1 - - [Sat, 08 Oct 2016 09:44:07 GMT] "GET /demoblog?p=3 HTTP/1.1" 200 2177 "http://localhost:3000/demoblog?p=2" "Mozilla/5.0 (Windows NT 10.0; Win64; x64) AppleWebKit/537.36 (KHTML, like Gecko) Chrome/53.0.2785.116 Safari/537.36"
::1 - - [Sat, 08 Oct 2016 09:44:08 GMT] "GET /favicon.ico HTTP/1.1" 200 207 "http://localhost:3000/demoblog?p=3" "Mozilla/5.0 (Windows NT 10.0; Win64; x64) AppleWebKit/537.36 (KHTML, like Gecko) Chrome/53.0.2785.116 Safari/537.36"
::1 - - [Sat, 08 Oct 2016 09:44:20 GMT] "GET /demoblog?p=3 HTTP/1.1" 304 - "http://localhost:3000/demoblog?p=2" "Mozilla/5.0 (Windows NT 10.0; Win64; x64) AppleWebKit/537.36 (KHTML, like Gecko) Chrome/53.0.2785.116 Safari/537.36"
::1 - - [Sat, 08 Oct 2016 09:44:21 GMT] "GET /favicon.ico HTTP/1.1" 200 207 "http://localhost:3000/demoblog?p=3" "Mozilla/5.0 (Windows NT 10.0; Win64; x64) AppleWebKit/537.36 (KHTML, like Gecko) Chrome/53.0.2785.116 Safari/537.36"
::1 - - [Sat, 08 Oct 2016 09:44:32 GMT] "GET /demoblog HTTP/1.1" 200 2271 "-" "Mozilla/5.0 (Windows NT 10.0; Win64; x64) AppleWebKit/537.36 (KHTML, like Gecko) Chrome/53.0.2785.116 Safari/537.36"
::1 - - [Sat, 08 Oct 2016 09:44:32 GMT] "GET /favicon.ico HTTP/1.1" 304 - "http://localhost:3000/demoblog" "Mozilla/5.0 (Windows NT 10.0; Win64; x64) AppleWebKit/537.36 (KHTML, like Gecko) Chrome/53.0.2785.116 Safari/537.36"
::1 - - [Sat, 08 Oct 2016 09:44:36 GMT] "GET /demoblog?p=2 HTTP/1.1" 200 2090 "http://localhost:3000/demoblog" "Mozilla/5.0 (Windows NT 10.0; Win64; x64) AppleWebKit/537.36 (KHTML, like Gecko) Chrome/53.0.2785.116 Safari/537.36"
::1 - - [Sat, 08 Oct 2016 09:44:37 GMT] "GET /favicon.ico HTTP/1.1" 304 - "http://localhost:3000/demoblog?p=2" "Mozilla/5.0 (Windows NT 10.0; Win64; x64) AppleWebKit/537.36 (KHTML, like Gecko) Chrome/53.0.2785.116 Safari/537.36"
::1 - - [Sat, 08 Oct 2016 09:45:42 GMT] "GET /demoblog?p=2 HTTP/1.1" 200 2131 "http://localhost:3000/demoblog" "Mozilla/5.0 (Windows NT 10.0; Win64; x64) AppleWebKit/537.36 (KHTML, like Gecko) Chrome/53.0.2785.116 Safari/537.36"
::1 - - [Sat, 08 Oct 2016 09:45:43 GMT] "GET /favicon.ico HTTP/1.1" 304 - "http://localhost:3000/demoblog?p=2" "Mozilla/5.0 (Windows NT 10.0; Win64; x64) AppleWebKit/537.36 (KHTML, like Gecko) Chrome/53.0.2785.116 Safari/537.36"
::1 - - [Sat, 08 Oct 2016 09:46:12 GMT] "GET /demoblog?p=2 HTTP/1.1" - - "http://localhost:3000/demoblog" "Mozilla/5.0 (Windows NT 10.0; Win64; x64) AppleWebKit/537.36 (KHTML, like Gecko) Chrome/53.0.2785.116 Safari/537.36"
::1 - - [Sat, 08 Oct 2016 09:46:12 GMT] "GET /demoblog?p=2 HTTP/1.1" - - "http://localhost:3000/demoblog" "Mozilla/5.0 (Windows NT 10.0; Win64; x64) AppleWebKit/537.36 (KHTML, like Gecko) Chrome/53.0.2785.116 Safari/537.36"
::1 - - [Sat, 08 Oct 2016 09:46:14 GMT] "GET /demoblog?p=2 HTTP/1.1" 200 2109 "http://localhost:3000/demoblog" "Mozilla/5.0 (Windows NT 10.0; Win64; x64) AppleWebKit/537.36 (KHTML, like Gecko) Chrome/53.0.2785.116 Safari/537.36"
::1 - - [Sat, 08 Oct 2016 09:46:15 GMT] "GET /favicon.ico HTTP/1.1" 304 - "http://localhost:3000/demoblog?p=2" "Mozilla/5.0 (Windows NT 10.0; Win64; x64) AppleWebKit/537.36 (KHTML, like Gecko) Chrome/53.0.2785.116 Safari/537.36"
::1 - - [Sat, 08 Oct 2016 09:46:15 GMT] "GET /demoblog?p=3 HTTP/1.1" - - "http://localhost:3000/demoblog?p=2" "Mozilla/5.0 (Windows NT 10.0; Win64; x64) AppleWebKit/537.36 (KHTML, like Gecko) Chrome/53.0.2785.116 Safari/537.36"
::1 - - [Sat, 08 Oct 2016 09:46:17 GMT] "GET /demoblog?p=3 HTTP/1.1" 200 2196 "http://localhost:3000/demoblog?p=2" "Mozilla/5.0 (Windows NT 10.0; Win64; x64) AppleWebKit/537.36 (KHTML, like Gecko) Chrome/53.0.2785.116 Safari/537.36"
::1 - - [Sat, 08 Oct 2016 09:46:18 GMT] "GET /favicon.ico HTTP/1.1" 304 - "http://localhost:3000/demoblog?p=3" "Mozilla/5.0 (Windows NT 10.0; Win64; x64) AppleWebKit/537.36 (KHTML, like Gecko) Chrome/53.0.2785.116 Safari/537.36"
::1 - - [Sat, 08 Oct 2016 09:46:28 GMT] "GET /demoblog?p=3 HTTP/1.1" - - "http://localhost:3000/demoblog?p=2" "Mozilla/5.0 (Windows NT 10.0; Win64; x64) AppleWebKit/537.36 (KHTML, like Gecko) Chrome/53.0.2785.116 Safari/537.36"
::1 - - [Sat, 08 Oct 2016 09:46:30 GMT] "GET /demoblog?p=3 HTTP/1.1" 200 2196 "http://localhost:3000/demoblog?p=2" "Mozilla/5.0 (Windows NT 10.0; Win64; x64) AppleWebKit/537.36 (KHTML, like Gecko) Chrome/53.0.2785.116 Safari/537.36"
::1 - - [Sat, 08 Oct 2016 09:46:31 GMT] "GET /favicon.ico HTTP/1.1" 304 - "http://localhost:3000/demoblog?p=3" "Mozilla/5.0 (Windows NT 10.0; Win64; x64) AppleWebKit/537.36 (KHTML, like Gecko) Chrome/53.0.2785.116 Safari/537.36"
::1 - - [Sat, 08 Oct 2016 09:46:35 GMT] "GET /demoblog?p=4 HTTP/1.1" 200 2397 "http://localhost:3000/demoblog?p=3" "Mozilla/5.0 (Windows NT 10.0; Win64; x64) AppleWebKit/537.36 (KHTML, like Gecko) Chrome/53.0.2785.116 Safari/537.36"
::1 - - [Sat, 08 Oct 2016 09:46:36 GMT] "GET /favicon.ico HTTP/1.1" 304 - "http://localhost:3000/demoblog?p=4" "Mozilla/5.0 (Windows NT 10.0; Win64; x64) AppleWebKit/537.36 (KHTML, like Gecko) Chrome/53.0.2785.116 Safari/537.36"
::1 - - [Sat, 08 Oct 2016 09:50:56 GMT] "GET /demoblog?p=4 HTTP/1.1" 500 3328 "http://localhost:3000/demoblog?p=3" "Mozilla/5.0 (Windows NT 10.0; Win64; x64) AppleWebKit/537.36 (KHTML, like Gecko) Chrome/53.0.2785.116 Safari/537.36"
::1 - - [Sat, 08 Oct 2016 09:50:57 GMT] "GET /favicon.ico HTTP/1.1" 304 - "http://localhost:3000/demoblog?p=4" "Mozilla/5.0 (Windows NT 10.0; Win64; x64) AppleWebKit/537.36 (KHTML, like Gecko) Chrome/53.0.2785.116 Safari/537.36"
::1 - - [Sat, 08 Oct 2016 09:52:28 GMT] "GET /demoblog HTTP/1.1" 500 3328 "-" "Mozilla/5.0 (Windows NT 10.0; Win64; x64) AppleWebKit/537.36 (KHTML, like Gecko) Chrome/53.0.2785.116 Safari/537.36"
::1 - - [Sat, 08 Oct 2016 09:52:28 GMT] "GET /favicon.ico HTTP/1.1" 304 - "http://localhost:3000/demoblog" "Mozilla/5.0 (Windows NT 10.0; Win64; x64) AppleWebKit/537.36 (KHTML, like Gecko) Chrome/53.0.2785.116 Safari/537.36"
::1 - - [Sat, 08 Oct 2016 09:54:12 GMT] "GET /demoblog HTTP/1.1" 500 3330 "-" "Mozilla/5.0 (Windows NT 10.0; Win64; x64) AppleWebKit/537.36 (KHTML, like Gecko) Chrome/53.0.2785.116 Safari/537.36"
::1 - - [Sat, 08 Oct 2016 09:54:13 GMT] "GET /favicon.ico HTTP/1.1" 200 207 "http://localhost:3000/demoblog" "Mozilla/5.0 (Windows NT 10.0; Win64; x64) AppleWebKit/537.36 (KHTML, like Gecko) Chrome/53.0.2785.116 Safari/537.36"
::1 - - [Sat, 08 Oct 2016 09:54:47 GMT] "GET /demoblog HTTP/1.1" 500 2659 "-" "Mozilla/5.0 (Windows NT 10.0; Win64; x64) AppleWebKit/537.36 (KHTML, like Gecko) Chrome/53.0.2785.116 Safari/537.36"
::1 - - [Sat, 08 Oct 2016 09:54:48 GMT] "GET /favicon.ico HTTP/1.1" 200 207 "http://localhost:3000/demoblog" "Mozilla/5.0 (Windows NT 10.0; Win64; x64) AppleWebKit/537.36 (KHTML, like Gecko) Chrome/53.0.2785.116 Safari/537.36"
::1 - - [Sat, 08 Oct 2016 09:55:42 GMT] "GET /demoblog HTTP/1.1" 200 2311 "-" "Mozilla/5.0 (Windows NT 10.0; Win64; x64) AppleWebKit/537.36 (KHTML, like Gecko) Chrome/53.0.2785.116 Safari/537.36"
::1 - - [Sat, 08 Oct 2016 09:55:43 GMT] "GET /favicon.ico HTTP/1.1" 200 207 "http://localhost:3000/demoblog" "Mozilla/5.0 (Windows NT 10.0; Win64; x64) AppleWebKit/537.36 (KHTML, like Gecko) Chrome/53.0.2785.116 Safari/537.36"
::1 - - [Sat, 08 Oct 2016 09:55:47 GMT] "GET /demoblog?p=2 HTTP/1.1" 200 2132 "http://localhost:3000/demoblog" "Mozilla/5.0 (Windows NT 10.0; Win64; x64) AppleWebKit/537.36 (KHTML, like Gecko) Chrome/53.0.2785.116 Safari/537.36"
::1 - - [Sat, 08 Oct 2016 09:55:47 GMT] "GET /favicon.ico HTTP/1.1" 304 - "http://localhost:3000/demoblog?p=2" "Mozilla/5.0 (Windows NT 10.0; Win64; x64) AppleWebKit/537.36 (KHTML, like Gecko) Chrome/53.0.2785.116 Safari/537.36"
::1 - - [Sat, 08 Oct 2016 09:56:50 GMT] "GET /demoblog?p=2 HTTP/1.1" - - "-" "Mozilla/5.0 (Windows NT 10.0; Win64; x64) AppleWebKit/537.36 (KHTML, like Gecko) Chrome/53.0.2785.116 Safari/537.36"
::1 - - [Sat, 08 Oct 2016 09:56:52 GMT] "GET /demoblog?p=2 HTTP/1.1" 200 2126 "-" "Mozilla/5.0 (Windows NT 10.0; Win64; x64) AppleWebKit/537.36 (KHTML, like Gecko) Chrome/53.0.2785.116 Safari/537.36"
::1 - - [Sat, 08 Oct 2016 09:56:53 GMT] "GET /favicon.ico HTTP/1.1" 304 - "http://localhost:3000/demoblog?p=2" "Mozilla/5.0 (Windows NT 10.0; Win64; x64) AppleWebKit/537.36 (KHTML, like Gecko) Chrome/53.0.2785.116 Safari/537.36"
::1 - - [Sat, 08 Oct 2016 09:57:14 GMT] "GET /demoblog?p=2 HTTP/1.1" 200 2130 "-" "Mozilla/5.0 (Windows NT 10.0; Win64; x64) AppleWebKit/537.36 (KHTML, like Gecko) Chrome/53.0.2785.116 Safari/537.36"
::1 - - [Sat, 08 Oct 2016 09:57:14 GMT] "GET /favicon.ico HTTP/1.1" 304 - "http://localhost:3000/demoblog?p=2" "Mozilla/5.0 (Windows NT 10.0; Win64; x64) AppleWebKit/537.36 (KHTML, like Gecko) Chrome/53.0.2785.116 Safari/537.36"
::1 - - [Sat, 08 Oct 2016 09:57:34 GMT] "GET /demoblog?p=2 HTTP/1.1" 200 2132 "-" "Mozilla/5.0 (Windows NT 10.0; Win64; x64) AppleWebKit/537.36 (KHTML, like Gecko) Chrome/53.0.2785.116 Safari/537.36"
::1 - - [Sat, 08 Oct 2016 09:57:35 GMT] "GET /favicon.ico HTTP/1.1" 304 - "http://localhost:3000/demoblog?p=2" "Mozilla/5.0 (Windows NT 10.0; Win64; x64) AppleWebKit/537.36 (KHTML, like Gecko) Chrome/53.0.2785.116 Safari/537.36"
::1 - - [Sat, 08 Oct 2016 09:58:44 GMT] "GET /demoblog?p=2 HTTP/1.1" 200 2362 "-" "Mozilla/5.0 (Windows NT 10.0; Win64; x64) AppleWebKit/537.36 (KHTML, like Gecko) Chrome/53.0.2785.116 Safari/537.36"
::1 - - [Sat, 08 Oct 2016 09:58:45 GMT] "GET /favicon.ico HTTP/1.1" 304 - "http://localhost:3000/demoblog?p=2" "Mozilla/5.0 (Windows NT 10.0; Win64; x64) AppleWebKit/537.36 (KHTML, like Gecko) Chrome/53.0.2785.116 Safari/537.36"
::1 - - [Sat, 08 Oct 2016 09:58:56 GMT] "GET /demoblog?p=2 HTTP/1.1" 200 2363 "-" "Mozilla/5.0 (Windows NT 10.0; Win64; x64) AppleWebKit/537.36 (KHTML, like Gecko) Chrome/53.0.2785.116 Safari/537.36"
::1 - - [Sat, 08 Oct 2016 09:58:57 GMT] "GET /favicon.ico HTTP/1.1" 304 - "http://localhost:3000/demoblog?p=2" "Mozilla/5.0 (Windows NT 10.0; Win64; x64) AppleWebKit/537.36 (KHTML, like Gecko) Chrome/53.0.2785.116 Safari/537.36"
::1 - - [Sat, 08 Oct 2016 09:59:31 GMT] "GET /demoblog?p=2 HTTP/1.1" 200 2394 "-" "Mozilla/5.0 (Windows NT 10.0; Win64; x64) AppleWebKit/537.36 (KHTML, like Gecko) Chrome/53.0.2785.116 Safari/537.36"
::1 - - [Sat, 08 Oct 2016 09:59:32 GMT] "GET /favicon.ico HTTP/1.1" 304 - "http://localhost:3000/demoblog?p=2" "Mozilla/5.0 (Windows NT 10.0; Win64; x64) AppleWebKit/537.36 (KHTML, like Gecko) Chrome/53.0.2785.116 Safari/537.36"
::1 - - [Sat, 08 Oct 2016 09:59:44 GMT] "GET /demoblog?p=2 HTTP/1.1" 200 2328 "-" "Mozilla/5.0 (Windows NT 10.0; Win64; x64) AppleWebKit/537.36 (KHTML, like Gecko) Chrome/53.0.2785.116 Safari/537.36"
::1 - - [Sat, 08 Oct 2016 09:59:44 GMT] "GET /favicon.ico HTTP/1.1" 304 - "http://localhost:3000/demoblog?p=2" "Mozilla/5.0 (Windows NT 10.0; Win64; x64) AppleWebKit/537.36 (KHTML, like Gecko) Chrome/53.0.2785.116 Safari/537.36"
::1 - - [Sat, 08 Oct 2016 10:00:31 GMT] "GET /demoblog?p=2 HTTP/1.1" 200 2462 "-" "Mozilla/5.0 (Windows NT 10.0; Win64; x64) AppleWebKit/537.36 (KHTML, like Gecko) Chrome/53.0.2785.116 Safari/537.36"
::1 - - [Sat, 08 Oct 2016 10:00:32 GMT] "GET /favicon.ico HTTP/1.1" 304 - "http://localhost:3000/demoblog?p=2" "Mozilla/5.0 (Windows NT 10.0; Win64; x64) AppleWebKit/537.36 (KHTML, like Gecko) Chrome/53.0.2785.116 Safari/537.36"
::1 - - [Sat, 08 Oct 2016 10:00:35 GMT] "GET /demoblog?p=1 HTTP/1.1" 200 2641 "http://localhost:3000/demoblog?p=2" "Mozilla/5.0 (Windows NT 10.0; Win64; x64) AppleWebKit/537.36 (KHTML, like Gecko) Chrome/53.0.2785.116 Safari/537.36"
::1 - - [Sat, 08 Oct 2016 10:00:36 GMT] "GET /favicon.ico HTTP/1.1" 304 - "http://localhost:3000/demoblog?p=1" "Mozilla/5.0 (Windows NT 10.0; Win64; x64) AppleWebKit/537.36 (KHTML, like Gecko) Chrome/53.0.2785.116 Safari/537.36"
::1 - - [Sat, 08 Oct 2016 10:00:39 GMT] "GET /demoblog?p=2 HTTP/1.1" 304 - "http://localhost:3000/demoblog?p=1" "Mozilla/5.0 (Windows NT 10.0; Win64; x64) AppleWebKit/537.36 (KHTML, like Gecko) Chrome/53.0.2785.116 Safari/537.36"
::1 - - [Sat, 08 Oct 2016 10:00:40 GMT] "GET /favicon.ico HTTP/1.1" 304 - "http://localhost:3000/demoblog?p=2" "Mozilla/5.0 (Windows NT 10.0; Win64; x64) AppleWebKit/537.36 (KHTML, like Gecko) Chrome/53.0.2785.116 Safari/537.36"
::1 - - [Sat, 08 Oct 2016 10:00:43 GMT] "GET /demoblog?p=4 HTTP/1.1" 200 2750 "http://localhost:3000/demoblog?p=2" "Mozilla/5.0 (Windows NT 10.0; Win64; x64) AppleWebKit/537.36 (KHTML, like Gecko) Chrome/53.0.2785.116 Safari/537.36"
::1 - - [Sat, 08 Oct 2016 10:00:44 GMT] "GET /favicon.ico HTTP/1.1" 304 - "http://localhost:3000/demoblog?p=4" "Mozilla/5.0 (Windows NT 10.0; Win64; x64) AppleWebKit/537.36 (KHTML, like Gecko) Chrome/53.0.2785.116 Safari/537.36"
::1 - - [Sat, 08 Oct 2016 10:00:47 GMT] "GET /demoblog?p=8 HTTP/1.1" 200 1420 "http://localhost:3000/demoblog?p=4" "Mozilla/5.0 (Windows NT 10.0; Win64; x64) AppleWebKit/537.36 (KHTML, like Gecko) Chrome/53.0.2785.116 Safari/537.36"
::1 - - [Sat, 08 Oct 2016 10:00:47 GMT] "GET /favicon.ico HTTP/1.1" 304 - "http://localhost:3000/demoblog?p=8" "Mozilla/5.0 (Windows NT 10.0; Win64; x64) AppleWebKit/537.36 (KHTML, like Gecko) Chrome/53.0.2785.116 Safari/537.36"
::1 - - [Sat, 08 Oct 2016 10:00:51 GMT] "GET /demoblog?p=6 HTTP/1.1" 200 1958 "http://localhost:3000/demoblog?p=8" "Mozilla/5.0 (Windows NT 10.0; Win64; x64) AppleWebKit/537.36 (KHTML, like Gecko) Chrome/53.0.2785.116 Safari/537.36"
::1 - - [Sat, 08 Oct 2016 10:00:51 GMT] "GET /favicon.ico HTTP/1.1" 304 - "http://localhost:3000/demoblog?p=6" "Mozilla/5.0 (Windows NT 10.0; Win64; x64) AppleWebKit/537.36 (KHTML, like Gecko) Chrome/53.0.2785.116 Safari/537.36"
::1 - - [Sat, 08 Oct 2016 10:01:34 GMT] "GET /demoblog?p=6 HTTP/1.1" 200 1644 "http://localhost:3000/demoblog?p=8" "Mozilla/5.0 (Windows NT 10.0; Win64; x64) AppleWebKit/537.36 (KHTML, like Gecko) Chrome/53.0.2785.116 Safari/537.36"
::1 - - [Sat, 08 Oct 2016 10:01:35 GMT] "GET /favicon.ico HTTP/1.1" 304 - "http://localhost:3000/demoblog?p=6" "Mozilla/5.0 (Windows NT 10.0; Win64; x64) AppleWebKit/537.36 (KHTML, like Gecko) Chrome/53.0.2785.116 Safari/537.36"
::1 - - [Sat, 08 Oct 2016 10:01:44 GMT] "GET /demoblog?p=6 HTTP/1.1" 304 - "http://localhost:3000/demoblog?p=8" "Mozilla/5.0 (Windows NT 10.0; Win64; x64) AppleWebKit/537.36 (KHTML, like Gecko) Chrome/53.0.2785.116 Safari/537.36"
::1 - - [Sat, 08 Oct 2016 10:01:44 GMT] "GET /favicon.ico HTTP/1.1" 304 - "http://localhost:3000/demoblog?p=6" "Mozilla/5.0 (Windows NT 10.0; Win64; x64) AppleWebKit/537.36 (KHTML, like Gecko) Chrome/53.0.2785.116 Safari/537.36"
::1 - - [Sat, 08 Oct 2016 10:01:50 GMT] "GET /demoblog?p=6 HTTP/1.1" 200 1799 "http://localhost:3000/demoblog?p=8" "Mozilla/5.0 (Windows NT 10.0; Win64; x64) AppleWebKit/537.36 (KHTML, like Gecko) Chrome/53.0.2785.116 Safari/537.36"
::1 - - [Sat, 08 Oct 2016 10:01:51 GMT] "GET /favicon.ico HTTP/1.1" 304 - "http://localhost:3000/demoblog?p=6" "Mozilla/5.0 (Windows NT 10.0; Win64; x64) AppleWebKit/537.36 (KHTML, like Gecko) Chrome/53.0.2785.116 Safari/537.36"
::1 - - [Sat, 08 Oct 2016 10:01:54 GMT] "GET /demoblog?p=6 HTTP/1.1" 304 - "http://localhost:3000/demoblog?p=6" "Mozilla/5.0 (Windows NT 10.0; Win64; x64) AppleWebKit/537.36 (KHTML, like Gecko) Chrome/53.0.2785.116 Safari/537.36"
::1 - - [Sat, 08 Oct 2016 10:01:55 GMT] "GET /favicon.ico HTTP/1.1" 304 - "http://localhost:3000/demoblog?p=6" "Mozilla/5.0 (Windows NT 10.0; Win64; x64) AppleWebKit/537.36 (KHTML, like Gecko) Chrome/53.0.2785.116 Safari/537.36"
::1 - - [Sat, 08 Oct 2016 10:01:58 GMT] "GET /demoblog?p=4 HTTP/1.1" 200 2591 "http://localhost:3000/demoblog?p=6" "Mozilla/5.0 (Windows NT 10.0; Win64; x64) AppleWebKit/537.36 (KHTML, like Gecko) Chrome/53.0.2785.116 Safari/537.36"
::1 - - [Sat, 08 Oct 2016 10:01:58 GMT] "GET /favicon.ico HTTP/1.1" 304 - "http://localhost:3000/demoblog?p=4" "Mozilla/5.0 (Windows NT 10.0; Win64; x64) AppleWebKit/537.36 (KHTML, like Gecko) Chrome/53.0.2785.116 Safari/537.36"
::1 - - [Sat, 08 Oct 2016 10:02:02 GMT] "GET /demoblog?p=2 HTTP/1.1" 200 2303 "http://localhost:3000/demoblog?p=4" "Mozilla/5.0 (Windows NT 10.0; Win64; x64) AppleWebKit/537.36 (KHTML, like Gecko) Chrome/53.0.2785.116 Safari/537.36"
::1 - - [Sat, 08 Oct 2016 10:02:02 GMT] "GET /favicon.ico HTTP/1.1" 304 - "http://localhost:3000/demoblog?p=2" "Mozilla/5.0 (Windows NT 10.0; Win64; x64) AppleWebKit/537.36 (KHTML, like Gecko) Chrome/53.0.2785.116 Safari/537.36"
::1 - - [Sat, 08 Oct 2016 10:02:05 GMT] "GET /demoblog?p=1 HTTP/1.1" 200 2482 "http://localhost:3000/demoblog?p=2" "Mozilla/5.0 (Windows NT 10.0; Win64; x64) AppleWebKit/537.36 (KHTML, like Gecko) Chrome/53.0.2785.116 Safari/537.36"
::1 - - [Sat, 08 Oct 2016 10:02:06 GMT] "GET /favicon.ico HTTP/1.1" 304 - "http://localhost:3000/demoblog?p=1" "Mozilla/5.0 (Windows NT 10.0; Win64; x64) AppleWebKit/537.36 (KHTML, like Gecko) Chrome/53.0.2785.116 Safari/537.36"
::1 - - [Sat, 08 Oct 2016 10:02:09 GMT] "GET /demoblog?p=5 HTTP/1.1" 200 2603 "http://localhost:3000/demoblog?p=1" "Mozilla/5.0 (Windows NT 10.0; Win64; x64) AppleWebKit/537.36 (KHTML, like Gecko) Chrome/53.0.2785.116 Safari/537.36"
::1 - - [Sat, 08 Oct 2016 10:02:09 GMT] "GET /favicon.ico HTTP/1.1" 304 - "http://localhost:3000/demoblog?p=5" "Mozilla/5.0 (Windows NT 10.0; Win64; x64) AppleWebKit/537.36 (KHTML, like Gecko) Chrome/53.0.2785.116 Safari/537.36"
::1 - - [Sat, 08 Oct 2016 10:02:12 GMT] "GET /demoblog?p=6 HTTP/1.1" 304 - "http://localhost:3000/demoblog?p=5" "Mozilla/5.0 (Windows NT 10.0; Win64; x64) AppleWebKit/537.36 (KHTML, like Gecko) Chrome/53.0.2785.116 Safari/537.36"
::1 - - [Sat, 08 Oct 2016 10:02:13 GMT] "GET /favicon.ico HTTP/1.1" 304 - "http://localhost:3000/demoblog?p=6" "Mozilla/5.0 (Windows NT 10.0; Win64; x64) AppleWebKit/537.36 (KHTML, like Gecko) Chrome/53.0.2785.116 Safari/537.36"
::1 - - [Sat, 08 Oct 2016 10:02:16 GMT] "GET /demoblog?p=4 HTTP/1.1" 304 - "http://localhost:3000/demoblog?p=6" "Mozilla/5.0 (Windows NT 10.0; Win64; x64) AppleWebKit/537.36 (KHTML, like Gecko) Chrome/53.0.2785.116 Safari/537.36"
::1 - - [Sat, 08 Oct 2016 10:02:17 GMT] "GET /favicon.ico HTTP/1.1" 304 - "http://localhost:3000/demoblog?p=4" "Mozilla/5.0 (Windows NT 10.0; Win64; x64) AppleWebKit/537.36 (KHTML, like Gecko) Chrome/53.0.2785.116 Safari/537.36"
